# JRE version: OpenJDK Runtime Environment (8.0_242-b01) (build 1.8.0_242-release-1644-b01)
# Java VM: OpenJDK 64-Bit Server VM (25.242-b01 mixed mode windows-amd64 compressed oops)
Heap:
 PSYoungGen      total 237568K, used 74903K [0x00000000e0000000, 0x00000000f1180000, 0x0000000100000000)
  eden space 203264K, 22% used [0x00000000e0000000,0x00000000e2c53ff8,0x00000000ec680000)
  from space 34304K, 86% used [0x00000000ef000000,0x00000000f0cd1df8,0x00000000f1180000)
  to   space 38400K, 0% used [0x00000000ec680000,0x00000000ec680000,0x00000000eec00000)
 ParOldGen       total 140288K, used 72223K [0x00000000a0000000, 0x00000000a8900000, 0x00000000e0000000)
  object space 140288K, 51% used [0x00000000a0000000,0x00000000a4687c20,0x00000000a8900000)
 Metaspace       used 90608K, capacity 95344K, committed 95448K, reserved 1132544K
  class space    used 11818K, capacity 12712K, committed 12760K, reserved 1048576K
GC Heap History (10 events):
Event: 184.197 GC heap before
{Heap before GC invocations=19 (full 3):
 PSYoungGen      total 225280K, used 219111K [0x00000000e0000000, 0x00000000f1280000, 0x0000000100000000)
  eden space 200704K, 100% used [0x00000000e0000000,0x00000000ec400000,0x00000000ec400000)
  from space 24576K, 74% used [0x00000000ec400000,0x00000000ed5f9e20,0x00000000edc00000)
  to   space 26112K, 0% used [0x00000000ef900000,0x00000000ef900000,0x00000000f1280000)
 ParOldGen       total 140288K, used 61693K [0x00000000a0000000, 0x00000000a8900000, 0x00000000e0000000)
  object space 140288K, 43% used [0x00000000a0000000,0x00000000a3c3f7e8,0x00000000a8900000)
 Metaspace       used 86143K, capacity 90376K, committed 90456K, reserved 1128448K
  class space    used 11543K, capacity 12326K, committed 12376K, reserved 1048576K
Event: 184.214 GC heap after
Heap after GC invocations=19 (full 3):
 PSYoungGen      total 251392K, used 22622K [0x00000000e0000000, 0x00000000f1400000, 0x0000000100000000)
  eden space 225280K, 0% used [0x00000000e0000000,0x00000000e0000000,0x00000000edc00000)
  from space 26112K, 86% used [0x00000000ef900000,0x00000000f0f17a10,0x00000000f1280000)
  to   space 28672K, 0% used [0x00000000edc00000,0x00000000edc00000,0x00000000ef800000)
 ParOldGen       total 140288K, used 61701K [0x00000000a0000000, 0x00000000a8900000, 0x00000000e0000000)
  object space 140288K, 43% used [0x00000000a0000000,0x00000000a3c417e8,0x00000000a8900000)
 Metaspace       used 86143K, capacity 90376K, committed 90456K, reserved 1128448K
  class space    used 11543K, capacity 12326K, committed 12376K, reserved 1048576K
}
Event: 225.161 GC heap before
{Heap before GC invocations=20 (full 3):
 PSYoungGen      total 251392K, used 247678K [0x00000000e0000000, 0x00000000f1400000, 0x0000000100000000)
  eden space 225280K, 99% used [0x00000000e0000000,0x00000000edbc8018,0x00000000edc00000)
  from space 26112K, 86% used [0x00000000ef900000,0x00000000f0f17a10,0x00000000f1280000)
  to   space 28672K, 0% used [0x00000000edc00000,0x00000000edc00000,0x00000000ef800000)
 ParOldGen       total 140288K, used 61701K [0x00000000a0000000, 0x00000000a8900000, 0x00000000e0000000)
  object space 140288K, 43% used [0x00000000a0000000,0x00000000a3c417e8,0x00000000a8900000)
 Metaspace       used 87551K, capacity 91932K, committed 92120K, reserved 1128448K
  class space    used 11635K, capacity 12462K, committed 12504K, reserved 1048576K
Event: 225.192 GC heap after
Heap after GC invocations=20 (full 3):
 PSYoungGen      total 246272K, used 28667K [0x00000000e0000000, 0x00000000f1780000, 0x0000000100000000)
  eden space 217600K, 0% used [0x00000000e0000000,0x00000000e0000000,0x00000000ed480000)
  from space 28672K, 99% used [0x00000000edc00000,0x00000000ef7fed50,0x00000000ef800000)
  to   space 32256K, 0% used [0x00000000ef800000,0x00000000ef800000,0x00000000f1780000)
 ParOldGen       total 140288K, used 65946K [0x00000000a0000000, 0x00000000a8900000, 0x00000000e0000000)
  object space 140288K, 47% used [0x00000000a0000000,0x00000000a4066af0,0x00000000a8900000)
 Metaspace       used 87551K, capacity 91932K, committed 92120K, reserved 1128448K
  class space    used 11635K, capacity 12462K, committed 12504K, reserved 1048576K
}
Event: 228.809 GC heap before
{Heap before GC invocations=21 (full 3):
 PSYoungGen      total 246272K, used 246267K [0x00000000e0000000, 0x00000000f1780000, 0x0000000100000000)
  eden space 217600K, 100% used [0x00000000e0000000,0x00000000ed480000,0x00000000ed480000)
  from space 28672K, 99% used [0x00000000edc00000,0x00000000ef7fed50,0x00000000ef800000)
  to   space 32256K, 0% used [0x00000000ef800000,0x00000000ef800000,0x00000000f1780000)
 ParOldGen       total 140288K, used 65946K [0x00000000a0000000, 0x00000000a8900000, 0x00000000e0000000)
  object space 140288K, 47% used [0x00000000a0000000,0x00000000a4066af0,0x00000000a8900000)
 Metaspace       used 88589K, capacity 93052K, committed 93272K, reserved 1130496K
  class space    used 11668K, capacity 12514K, committed 12632K, reserved 1048576K
Event: 228.839 GC heap after
Heap after GC invocations=21 (full 3):
 PSYoungGen      total 249856K, used 26351K [0x00000000e0000000, 0x00000000f2c00000, 0x0000000100000000)
  eden space 217600K, 0% used [0x00000000e0000000,0x00000000e0000000,0x00000000ed480000)
  from space 32256K, 81% used [0x00000000ef800000,0x00000000f11bbde0,0x00000000f1780000)
  to   space 36352K, 0% used [0x00000000ed480000,0x00000000ed480000,0x00000000ef800000)
 ParOldGen       total 140288K, used 72207K [0x00000000a0000000, 0x00000000a8900000, 0x00000000e0000000)
  object space 140288K, 51% used [0x00000000a0000000,0x00000000a4683c20,0x00000000a8900000)
 Metaspace       used 88589K, capacity 93052K, committed 93272K, reserved 1130496K
  class space    used 11668K, capacity 12514K, committed 12632K, reserved 1048576K
}
Event: 584.334 GC heap before
{Heap before GC invocations=22 (full 3):
 PSYoungGen      total 249856K, used 243951K [0x00000000e0000000, 0x00000000f2c00000, 0x0000000100000000)
  eden space 217600K, 100% used [0x00000000e0000000,0x00000000ed480000,0x00000000ed480000)
  from space 32256K, 81% used [0x00000000ef800000,0x00000000f11bbde0,0x00000000f1780000)
  to   space 36352K, 0% used [0x00000000ed480000,0x00000000ed480000,0x00000000ef800000)
 ParOldGen       total 140288K, used 72207K [0x00000000a0000000, 0x00000000a8900000, 0x00000000e0000000)
  object space 140288K, 51% used [0x00000000a0000000,0x00000000a4683c20,0x00000000a8900000)
 Metaspace       used 89497K, capacity 94132K, committed 94296K, reserved 1130496K
  class space    used 11729K, capacity 12574K, committed 12632K, reserved 1048576K
Event: 584.363 GC heap after
Heap after GC invocations=22 (full 3):
 PSYoungGen      total 222208K, used 11305K [0x00000000e0000000, 0x00000000f1280000, 0x0000000100000000)
  eden space 210432K, 0% used [0x00000000e0000000,0x00000000e0000000,0x00000000ecd80000)
  from space 11776K, 96% used [0x00000000ed480000,0x00000000edf8a5c8,0x00000000ee000000)
  to   space 35328K, 0% used [0x00000000ef000000,0x00000000ef000000,0x00000000f1280000)
 ParOldGen       total 140288K, used 72215K [0x00000000a0000000, 0x00000000a8900000, 0x00000000e0000000)
  object space 140288K, 51% used [0x00000000a0000000,0x00000000a4685c20,0x00000000a8900000)
 Metaspace       used 89497K, capacity 94132K, committed 94296K, reserved 1130496K
  class space    used 11729K, capacity 12574K, committed 12632K, reserved 1048576K
}
Event: 589.813 GC heap before
{Heap before GC invocations=23 (full 3):
 PSYoungGen      total 222208K, used 221737K [0x00000000e0000000, 0x00000000f1280000, 0x0000000100000000)
  eden space 210432K, 100% used [0x00000000e0000000,0x00000000ecd80000,0x00000000ecd80000)
  from space 11776K, 96% used [0x00000000ed480000,0x00000000edf8a5c8,0x00000000ee000000)
  to   space 35328K, 0% used [0x00000000ef000000,0x00000000ef000000,0x00000000f1280000)
 ParOldGen       total 140288K, used 72215K [0x00000000a0000000, 0x00000000a8900000, 0x00000000e0000000)
  object space 140288K, 51% used [0x00000000a0000000,0x00000000a4685c20,0x00000000a8900000)
 Metaspace       used 90572K, capacity 95274K, committed 95448K, reserved 1132544K
  class space    used 11816K, capacity 12711K, committed 12760K, reserved 1048576K
Event: 589.863 GC heap after
Heap after GC invocations=23 (full 3):
 PSYoungGen      total 237568K, used 29511K [0x00000000e0000000, 0x00000000f1180000, 0x0000000100000000)
  eden space 203264K, 0% used [0x00000000e0000000,0x00000000e0000000,0x00000000ec680000)
  from space 34304K, 86% used [0x00000000ef000000,0x00000000f0cd1df8,0x00000000f1180000)
  to   space 38400K, 0% used [0x00000000ec680000,0x00000000ec680000,0x00000000eec00000)
 ParOldGen       total 140288K, used 72223K [0x00000000a0000000, 0x00000000a8900000, 0x00000000e0000000)
  object space 140288K, 51% used [0x00000000a0000000,0x00000000a4687c20,0x00000000a8900000)
 Metaspace       used 90572K, capacity 95274K, committed 95448K, reserved 1132544K
  class space    used 11816K, capacity 12711K, committed 12760K, reserved 1048576K
}

